  Level.cpp
  LevelObject.cpp
  Platform.cpp
c:\users\quentin\desktop\etudes\cours\developpement c++\law-enforcer\law enforcer\law enforcer\platform.cpp(22): warning C4244: 'argument': conversion from 'double' to 'int', possible loss of data
c:\users\quentin\desktop\etudes\cours\developpement c++\law-enforcer\law enforcer\law enforcer\platform.cpp(26): error C2398: Element '1': conversion from 'double' to 'T' requires a narrowing conversion
          with
          [
              T=float
          ]
c:\users\quentin\desktop\etudes\cours\developpement c++\law-enforcer\law enforcer\law enforcer\platform.cpp(26): error C2398: Element '2': conversion from 'double' to 'T' requires a narrowing conversion
          with
          [
              T=float
          ]
c:\users\quentin\desktop\etudes\cours\developpement c++\law-enforcer\law enforcer\law enforcer\platform.cpp(26): warning C4244: 'argument': conversion from 'double' to 'T', possible loss of data
          with
          [
              T=float
          ]
  Player.cpp
c:\users\quentin\desktop\etudes\cours\developpement c++\law-enforcer\law enforcer\law enforcer\player.cpp(18): warning C4244: 'argument': conversion from 'double' to 'int', possible loss of data
c:\users\quentin\desktop\etudes\cours\developpement c++\law-enforcer\law enforcer\law enforcer\player.cpp(23): warning C4305: 'argument': truncation from 'double' to 'float32'
c:\users\quentin\desktop\etudes\cours\developpement c++\law-enforcer\law enforcer\law enforcer\player.cpp(32): warning C4244: 'argument': conversion from 'double' to 'int', possible loss of data
c:\users\quentin\desktop\etudes\cours\developpement c++\law-enforcer\law enforcer\law enforcer\player.cpp(36): warning C4305: 'argument': truncation from 'double' to 'T'
          with
          [
              T=float
          ]
c:\users\quentin\desktop\etudes\cours\developpement c++\law-enforcer\law enforcer\law enforcer\player.cpp(37): warning C4305: 'argument': truncation from 'double' to 'T'
          with
          [
              T=float
          ]
c:\users\quentin\desktop\etudes\cours\developpement c++\law-enforcer\law enforcer\law enforcer\player.cpp(40): warning C4305: 'argument': truncation from 'double' to 'T'
          with
          [
              T=float
          ]
c:\users\quentin\desktop\etudes\cours\developpement c++\law-enforcer\law enforcer\law enforcer\player.cpp(41): warning C4305: 'argument': truncation from 'double' to 'T'
          with
          [
              T=float
          ]
c:\users\quentin\desktop\etudes\cours\developpement c++\law-enforcer\law enforcer\law enforcer\player.cpp(58): warning C4244: '=': conversion from 'int' to 'float32', possible loss of data
c:\users\quentin\desktop\etudes\cours\developpement c++\law-enforcer\law enforcer\law enforcer\player.cpp(59): warning C4244: '=': conversion from 'int' to 'float32', possible loss of data
c:\users\quentin\desktop\etudes\cours\developpement c++\law-enforcer\law enforcer\law enforcer\player.cpp(74): warning C4244: '=': conversion from 'int' to 'float32', possible loss of data
c:\users\quentin\desktop\etudes\cours\developpement c++\law-enforcer\law enforcer\law enforcer\player.cpp(78): warning C4244: '=': conversion from 'int' to 'float32', possible loss of data
c:\users\quentin\desktop\etudes\cours\developpement c++\law-enforcer\law enforcer\law enforcer\player.cpp(83): warning C4552: '/': result of expression not used
c:\users\quentin\desktop\etudes\cours\developpement c++\law-enforcer\law enforcer\law enforcer\player.cpp(89): warning C4552: '/': result of expression not used
  global_definitions.cpp
c:\users\quentin\desktop\etudes\cours\developpement c++\law-enforcer\law enforcer\law enforcer\global_definitions.cpp(9): warning C4244: 'initializing': conversion from 'double' to 'float', possible loss of data
c:\users\quentin\desktop\etudes\cours\developpement c++\law-enforcer\law enforcer\law enforcer\global_definitions.cpp(10): warning C4244: 'initializing': conversion from 'double' to 'float', possible loss of data
  Generating Code...
